<?xml version="1.0" encoding="UTF-8"?>
<testsuite name="com.betatel.esim.models.PackageTest" tests="7" skipped="0" failures="0" errors="0" timestamp="2025-11-07T01:31:17.433Z" hostname="Muriss-MacBook-Pro.local" time="0.002">
  <properties/>
  <testcase name="should test id" classname="com.betatel.esim.models.PackageTest" time="0.001"/>
  <testcase name="should test sim" classname="com.betatel.esim.models.PackageTest" time="0.001"/>
  <testcase name="should test packageTemplate" classname="com.betatel.esim.models.PackageTest" time="0.001"/>
  <testcase name="should test status" classname="com.betatel.esim.models.PackageTest" time="0.001"/>
  <testcase name="should test activationDate" classname="com.betatel.esim.models.PackageTest" time="0.001"/>
  <testcase name="should test terminationDate" classname="com.betatel.esim.models.PackageTest" time="0.001"/>
  <testcase name="should test timeAllowance" classname="com.betatel.esim.models.PackageTest" time="0.001"/>
  <system-out><![CDATA[]]></system-out>
  <system-err><![CDATA[]]></system-err>
</testsuite>
