<?xml version="1.0" encoding="UTF-8"?>
<testsuite name="com.betatel.esim.apis.PackagesApiTest" tests="5" skipped="0" failures="0" errors="0" timestamp="2025-11-07T01:31:17.436Z" hostname="Muriss-MacBook-Pro.local" time="0.001">
  <properties/>
  <testcase name="should test activatePackage" classname="com.betatel.esim.apis.PackagesApiTest" time="0.001"/>
  <testcase name="should test createPackage" classname="com.betatel.esim.apis.PackagesApiTest" time="0.001"/>
  <testcase name="should test getPackage" classname="com.betatel.esim.apis.PackagesApiTest" time="0.001"/>
  <testcase name="should test getPackages" classname="com.betatel.esim.apis.PackagesApiTest" time="0.0"/>
  <testcase name="should test terminatePackage" classname="com.betatel.esim.apis.PackagesApiTest" time="0.0"/>
  <system-out><![CDATA[]]></system-out>
  <system-err><![CDATA[]]></system-err>
</testsuite>
