<?xml version="1.0" encoding="UTF-8"?>
<testsuite name="com.betatel.esim.models.InventoryTest" tests="12" skipped="0" failures="0" errors="0" timestamp="2025-11-07T01:31:17.410Z" hostname="Muriss-MacBook-Pro.local" time="0.003">
  <properties/>
  <testcase name="should test id" classname="com.betatel.esim.models.InventoryTest" time="0.003"/>
  <testcase name="should test name" classname="com.betatel.esim.models.InventoryTest" time="0.003"/>
  <testcase name="should test createdDate" classname="com.betatel.esim.models.InventoryTest" time="0.002"/>
  <testcase name="should test modifiedDate" classname="com.betatel.esim.models.InventoryTest" time="0.002"/>
  <testcase name="should test company" classname="com.betatel.esim.models.InventoryTest" time="0.002"/>
  <testcase name="should test status" classname="com.betatel.esim.models.InventoryTest" time="0.002"/>
  <testcase name="should test note" classname="com.betatel.esim.models.InventoryTest" time="0.001"/>
  <testcase name="should test deletedDate" classname="com.betatel.esim.models.InventoryTest" time="0.001"/>
  <testcase name="should test parentInventory" classname="com.betatel.esim.models.InventoryTest" time="0.001"/>
  <testcase name="should test deactivatedDate" classname="com.betatel.esim.models.InventoryTest" time="0.001"/>
  <testcase name="should test wallet" classname="com.betatel.esim.models.InventoryTest" time="0.0"/>
  <testcase name="should test whitelist" classname="com.betatel.esim.models.InventoryTest" time="0.0"/>
  <system-out><![CDATA[]]></system-out>
  <system-err><![CDATA[]]></system-err>
</testsuite>
