<?xml version="1.0" encoding="UTF-8"?>
<testsuite name="com.betatel.esim.models.GetPackageTemplatesResponseTest" tests="4" skipped="0" failures="0" errors="0" timestamp="2025-11-07T01:31:17.400Z" hostname="Muriss-MacBook-Pro.local" time="0.001">
  <properties/>
  <testcase name="should test total" classname="com.betatel.esim.models.GetPackageTemplatesResponseTest" time="0.001"/>
  <testcase name="should test count" classname="com.betatel.esim.models.GetPackageTemplatesResponseTest" time="0.001"/>
  <testcase name="should test offset" classname="com.betatel.esim.models.GetPackageTemplatesResponseTest" time="0.0"/>
  <testcase name="should test packageTemplates" classname="com.betatel.esim.models.GetPackageTemplatesResponseTest" time="0.0"/>
  <system-out><![CDATA[]]></system-out>
  <system-err><![CDATA[]]></system-err>
</testsuite>
