<?xml version="1.0" encoding="UTF-8"?>
<testsuite name="com.betatel.esim.models.StatusResponseTest" tests="3" skipped="0" failures="0" errors="0" timestamp="2025-11-07T01:31:17.442Z" hostname="Muriss-MacBook-Pro.local" time="0.001">
  <properties/>
  <testcase name="should test status" classname="com.betatel.esim.models.StatusResponseTest" time="0.0"/>
  <testcase name="should test version" classname="com.betatel.esim.models.StatusResponseTest" time="0.001"/>
  <testcase name="should test uptime" classname="com.betatel.esim.models.StatusResponseTest" time="0.001"/>
  <system-out><![CDATA[]]></system-out>
  <system-err><![CDATA[]]></system-err>
</testsuite>
