<?xml version="1.0" encoding="UTF-8"?>
<testsuite name="com.betatel.esim.models.CreatePackageResponseTest" tests="15" skipped="0" failures="0" errors="0" timestamp="2025-11-07T01:31:17.344Z" hostname="Muriss-MacBook-Pro.local" time="0.008">
  <properties/>
  <testcase name="should test id" classname="com.betatel.esim.models.CreatePackageResponseTest" time="0.007"/>
  <testcase name="should test sim" classname="com.betatel.esim.models.CreatePackageResponseTest" time="0.006"/>
  <testcase name="should test createdDate" classname="com.betatel.esim.models.CreatePackageResponseTest" time="0.006"/>
  <testcase name="should test expiryDate" classname="com.betatel.esim.models.CreatePackageResponseTest" time="0.005"/>
  <testcase name="should test activatedDate" classname="com.betatel.esim.models.CreatePackageResponseTest" time="0.005"/>
  <testcase name="should test terminatedDate" classname="com.betatel.esim.models.CreatePackageResponseTest" time="0.004"/>
  <testcase name="should test windowActivationStart" classname="com.betatel.esim.models.CreatePackageResponseTest" time="0.004"/>
  <testcase name="should test windowActivationEnd" classname="com.betatel.esim.models.CreatePackageResponseTest" time="0.003"/>
  <testcase name="should test status" classname="com.betatel.esim.models.CreatePackageResponseTest" time="0.003"/>
  <testcase name="should test voiceUsageRemaining" classname="com.betatel.esim.models.CreatePackageResponseTest" time="0.004"/>
  <testcase name="should test dataUsageRemaining" classname="com.betatel.esim.models.CreatePackageResponseTest" time="0.003"/>
  <testcase name="should test smsUsageRemaining" classname="com.betatel.esim.models.CreatePackageResponseTest" time="0.003"/>
  <testcase name="should test timeAllowance" classname="com.betatel.esim.models.CreatePackageResponseTest" time="0.002"/>
  <testcase name="should test packageTemplate" classname="com.betatel.esim.models.CreatePackageResponseTest" time="0.002"/>
  <testcase name="should test apn" classname="com.betatel.esim.models.CreatePackageResponseTest" time="0.002"/>
  <system-out><![CDATA[]]></system-out>
  <system-err><![CDATA[]]></system-err>
</testsuite>
