<?xml version="1.0" encoding="UTF-8"?>
<testsuite name="com.betatel.esim.models.PackageTemplateTest" tests="19" skipped="0" failures="0" errors="0" timestamp="2025-11-07T01:31:17.426Z" hostname="Muriss-MacBook-Pro.local" time="0.005">
  <properties/>
  <testcase name="should test id" classname="com.betatel.esim.models.PackageTemplateTest" time="0.004"/>
  <testcase name="should test name" classname="com.betatel.esim.models.PackageTemplateTest" time="0.004"/>
  <testcase name="should test supportedCountries" classname="com.betatel.esim.models.PackageTemplateTest" time="0.004"/>
  <testcase name="should test dataUsageAllowance" classname="com.betatel.esim.models.PackageTemplateTest" time="0.003"/>
  <testcase name="should test activationType" classname="com.betatel.esim.models.PackageTemplateTest" time="0.003"/>
  <testcase name="should test createdDate" classname="com.betatel.esim.models.PackageTemplateTest" time="0.004"/>
  <testcase name="should test modifiedDate" classname="com.betatel.esim.models.PackageTemplateTest" time="0.004"/>
  <testcase name="should test timeAllowance" classname="com.betatel.esim.models.PackageTemplateTest" time="0.003"/>
  <testcase name="should test status" classname="com.betatel.esim.models.PackageTemplateTest" time="0.003"/>
  <testcase name="should test trafficPolicy" classname="com.betatel.esim.models.PackageTemplateTest" time="0.003"/>
  <testcase name="should test voiceUsageAllowance" classname="com.betatel.esim.models.PackageTemplateTest" time="0.003"/>
  <testcase name="should test smsUsageAllowance" classname="com.betatel.esim.models.PackageTemplateTest" time="0.002"/>
  <testcase name="should test activationTimeAllowance" classname="com.betatel.esim.models.PackageTemplateTest" time="0.002"/>
  <testcase name="should test earliestActivationDate" classname="com.betatel.esim.models.PackageTemplateTest" time="0.002"/>
  <testcase name="should test earliestAvailableDate" classname="com.betatel.esim.models.PackageTemplateTest" time="0.002"/>
  <testcase name="should test latestAvailableDate" classname="com.betatel.esim.models.PackageTemplateTest" time="0.002"/>
  <testcase name="should test notes" classname="com.betatel.esim.models.PackageTemplateTest" time="0.001"/>
  <testcase name="should test deactivatedDate" classname="com.betatel.esim.models.PackageTemplateTest" time="0.001"/>
  <testcase name="should test apn" classname="com.betatel.esim.models.PackageTemplateTest" time="0.001"/>
  <system-out><![CDATA[]]></system-out>
  <system-err><![CDATA[]]></system-err>
</testsuite>
