<?xml version="1.0" encoding="UTF-8"?>
<testsuite name="com.betatel.esim.apis.ESIMRSPApiTest" tests="2" skipped="0" failures="0" errors="0" timestamp="2025-11-07T01:31:17.372Z" hostname="Muriss-MacBook-Pro.local" time="0.002">
  <properties/>
  <testcase name="should test getEUICCProfile" classname="com.betatel.esim.apis.ESIMRSPApiTest" time="0.002"/>
  <testcase name="should test getQRCode" classname="com.betatel.esim.apis.ESIMRSPApiTest" time="0.0"/>
  <system-out><![CDATA[]]></system-out>
  <system-err><![CDATA[]]></system-err>
</testsuite>
