<?xml version="1.0" encoding="UTF-8"?>
<testsuite name="com.betatel.esim.models.ModifyPCRProfileRequestTest" tests="5" skipped="0" failures="0" errors="0" timestamp="2025-11-07T01:31:17.417Z" hostname="Muriss-MacBook-Pro.local" time="0.001">
  <properties/>
  <testcase name="should test `data`" classname="com.betatel.esim.models.ModifyPCRProfileRequestTest" time="0.001"/>
  <testcase name="should test voice" classname="com.betatel.esim.models.ModifyPCRProfileRequestTest" time="0.001"/>
  <testcase name="should test sms" classname="com.betatel.esim.models.ModifyPCRProfileRequestTest" time="0.0"/>
  <testcase name="should test walletMode" classname="com.betatel.esim.models.ModifyPCRProfileRequestTest" time="0.0"/>
  <testcase name="should test routePolicy" classname="com.betatel.esim.models.ModifyPCRProfileRequestTest" time="0.0"/>
  <system-out><![CDATA[]]></system-out>
  <system-err><![CDATA[]]></system-err>
</testsuite>
