<?xml version="1.0" encoding="UTF-8"?>
<testsuite name="com.betatel.esim.models.GetEUICCProfileResponseTest" tests="11" skipped="0" failures="0" errors="0" timestamp="2025-11-07T01:31:17.390Z" hostname="Muriss-MacBook-Pro.local" time="0.003">
  <properties/>
  <testcase name="should test iccid" classname="com.betatel.esim.models.GetEUICCProfileResponseTest" time="0.003"/>
  <testcase name="should test imsi" classname="com.betatel.esim.models.GetEUICCProfileResponseTest" time="0.003"/>
  <testcase name="should test state" classname="com.betatel.esim.models.GetEUICCProfileResponseTest" time="0.002"/>
  <testcase name="should test lastOperationDate" classname="com.betatel.esim.models.GetEUICCProfileResponseTest" time="0.002"/>
  <testcase name="should test activationCode" classname="com.betatel.esim.models.GetEUICCProfileResponseTest" time="0.002"/>
  <testcase name="should test reuseRemainingCount" classname="com.betatel.esim.models.GetEUICCProfileResponseTest" time="0.002"/>
  <testcase name="should test reuseEnabled" classname="com.betatel.esim.models.GetEUICCProfileResponseTest" time="0.001"/>
  <testcase name="should test profileReusePolicy" classname="com.betatel.esim.models.GetEUICCProfileResponseTest" time="0.001"/>
  <testcase name="should test releaseDate" classname="com.betatel.esim.models.GetEUICCProfileResponseTest" time="0.001"/>
  <testcase name="should test ccRequired" classname="com.betatel.esim.models.GetEUICCProfileResponseTest" time="0.0"/>
  <testcase name="should test ccRetries" classname="com.betatel.esim.models.GetEUICCProfileResponseTest" time="0.0"/>
  <system-out><![CDATA[]]></system-out>
  <system-err><![CDATA[]]></system-err>
</testsuite>
