<?xml version="1.0" encoding="UTF-8"?>
<testsuite name="com.betatel.esim.apis.PCRApiTest" tests="3" skipped="0" failures="0" errors="0" timestamp="2025-11-07T01:31:17.420Z" hostname="Muriss-MacBook-Pro.local" time="0.001">
  <properties/>
  <testcase name="should test createPackageTemplate" classname="com.betatel.esim.apis.PCRApiTest" time="0.001"/>
  <testcase name="should test getPackageTemplate" classname="com.betatel.esim.apis.PCRApiTest" time="0.0"/>
  <testcase name="should test getPackageTemplates" classname="com.betatel.esim.apis.PCRApiTest" time="0.0"/>
  <system-out><![CDATA[]]></system-out>
  <system-err><![CDATA[]]></system-err>
</testsuite>
