<?xml version="1.0" encoding="UTF-8"?>
<testsuite name="com.betatel.esim.models.CreatePackageRequestTest" tests="3" skipped="0" failures="0" errors="0" timestamp="2025-11-07T01:31:17.331Z" hostname="Muriss-MacBook-Pro.local" time="0.002">
  <properties/>
  <testcase name="should test sim" classname="com.betatel.esim.models.CreatePackageRequestTest" time="0.002"/>
  <testcase name="should test packageTemplate" classname="com.betatel.esim.models.CreatePackageRequestTest" time="0.001"/>
  <testcase name="should test timeAllowance" classname="com.betatel.esim.models.CreatePackageRequestTest" time="0.001"/>
  <system-out><![CDATA[]]></system-out>
  <system-err><![CDATA[]]></system-err>
</testsuite>
