<?xml version="1.0" encoding="UTF-8"?>
<testsuite name="com.betatel.esim.models.CreatePackageTemplateRequestTest" tests="9" skipped="0" failures="0" errors="0" timestamp="2025-11-07T01:31:17.355Z" hostname="Muriss-MacBook-Pro.local" time="0.004">
  <properties/>
  <testcase name="should test name" classname="com.betatel.esim.models.CreatePackageTemplateRequestTest" time="0.004"/>
  <testcase name="should test supportedCountries" classname="com.betatel.esim.models.CreatePackageTemplateRequestTest" time="0.003"/>
  <testcase name="should test activationType" classname="com.betatel.esim.models.CreatePackageTemplateRequestTest" time="0.003"/>
  <testcase name="should test dataUsageAllowance" classname="com.betatel.esim.models.CreatePackageTemplateRequestTest" time="0.003"/>
  <testcase name="should test timeAllowance" classname="com.betatel.esim.models.CreatePackageTemplateRequestTest" time="0.002"/>
  <testcase name="should test activationTimeAllowance" classname="com.betatel.esim.models.CreatePackageTemplateRequestTest" time="0.002"/>
  <testcase name="should test earliestAvailableDate" classname="com.betatel.esim.models.CreatePackageTemplateRequestTest" time="0.001"/>
  <testcase name="should test latestAvailableDate" classname="com.betatel.esim.models.CreatePackageTemplateRequestTest" time="0.001"/>
  <testcase name="should test inventory" classname="com.betatel.esim.models.CreatePackageTemplateRequestTest" time="0.001"/>
  <system-out><![CDATA[]]></system-out>
  <system-err><![CDATA[]]></system-err>
</testsuite>
