<?xml version="1.0" encoding="UTF-8"?>
<testsuite name="com.betatel.esim.models.ESIMTest" tests="9" skipped="0" failures="0" errors="0" timestamp="2025-11-07T01:31:17.377Z" hostname="Muriss-MacBook-Pro.local" time="0.003">
  <properties/>
  <testcase name="should test iccid" classname="com.betatel.esim.models.ESIMTest" time="0.003"/>
  <testcase name="should test simStatus" classname="com.betatel.esim.models.ESIMTest" time="0.003"/>
  <testcase name="should test group" classname="com.betatel.esim.models.ESIMTest" time="0.002"/>
  <testcase name="should test inventory" classname="com.betatel.esim.models.ESIMTest" time="0.002"/>
  <testcase name="should test company" classname="com.betatel.esim.models.ESIMTest" time="0.002"/>
  <testcase name="should test provisionedDate" classname="com.betatel.esim.models.ESIMTest" time="0.001"/>
  <testcase name="should test terminatedDate" classname="com.betatel.esim.models.ESIMTest" time="0.001"/>
  <testcase name="should test imsis" classname="com.betatel.esim.models.ESIMTest" time="0.001"/>
  <testcase name="should test mappedImsi" classname="com.betatel.esim.models.ESIMTest" time="0.0"/>
  <system-out><![CDATA[]]></system-out>
  <system-err><![CDATA[]]></system-err>
</testsuite>
