<?xml version="1.0" encoding="UTF-8"?>
<testsuite name="com.betatel.esim.apis.InventoryApiTest" tests="3" skipped="0" failures="0" errors="0" timestamp="2025-11-07T01:31:17.406Z" hostname="Muriss-MacBook-Pro.local" time="0.001">
  <properties/>
  <testcase name="should test getESIM" classname="com.betatel.esim.apis.InventoryApiTest" time="0.001"/>
  <testcase name="should test getESIMs" classname="com.betatel.esim.apis.InventoryApiTest" time="0.0"/>
  <testcase name="should test getInventories" classname="com.betatel.esim.apis.InventoryApiTest" time="0.0"/>
  <system-out><![CDATA[]]></system-out>
  <system-err><![CDATA[]]></system-err>
</testsuite>
