<?xml version="1.0" encoding="UTF-8"?>
<testsuite name="com.betatel.esim.models.PaginationParamsTest" tests="2" skipped="0" failures="0" errors="0" timestamp="2025-11-07T01:31:17.438Z" hostname="Muriss-MacBook-Pro.local" time="0.0">
  <properties/>
  <testcase name="should test count" classname="com.betatel.esim.models.PaginationParamsTest" time="0.0"/>
  <testcase name="should test offset" classname="com.betatel.esim.models.PaginationParamsTest" time="0.0"/>
  <system-out><![CDATA[]]></system-out>
  <system-err><![CDATA[]]></system-err>
</testsuite>
